2020-12-11 16:34:01 INFO     Model: TransE
2020-12-11 16:34:01 INFO     Dataset: ogbl-biokg
2020-12-11 16:34:01 INFO     #entity: 93773
2020-12-11 16:34:01 INFO     #relation: 51
2020-12-11 16:34:01 INFO     #train: 4762678
2020-12-11 16:34:01 INFO     #valid: 162886
2020-12-11 16:34:01 INFO     #test: 162870
2020-12-11 16:34:19 INFO     Model Parameter Configuration:
2020-12-11 16:34:19 INFO     Parameter gamma: torch.Size([1]), require_grad = False
2020-12-11 16:34:19 INFO     Parameter embedding_range: torch.Size([1]), require_grad = False
2020-12-11 16:34:19 INFO     Parameter entity_embedding: torch.Size([93773, 2000]), require_grad = True
2020-12-11 16:34:19 INFO     Parameter relation_embedding: torch.Size([51, 2000]), require_grad = True
2020-12-11 16:34:22 INFO     Ramdomly Initializing TransE Model...
2020-12-11 16:34:22 INFO     Start Training...
2020-12-11 16:34:22 INFO     init_step = 0
2020-12-11 16:34:22 INFO     batch_size = 512
2020-12-11 16:34:22 INFO     negative_adversarial_sampling = 1
2020-12-11 16:34:22 INFO     hidden_dim = 2000
2020-12-11 16:34:22 INFO     gamma = 20.000000
2020-12-11 16:34:22 INFO     negative_adversarial_sampling = True
2020-12-11 16:34:22 INFO     adversarial_temperature = 1.000000
2020-12-11 16:34:22 INFO     learning_rate = 0
2020-12-11 16:34:23 INFO     Train positive_sample_loss at step 0: 0.117599
2020-12-11 16:34:23 INFO     Train negative_sample_loss at step 0: 2.354036
2020-12-11 16:34:23 INFO     Train loss at step 0: 1.235817
2020-12-11 16:34:30 INFO     Train positive_sample_loss at step 100: 0.690955
2020-12-11 16:34:30 INFO     Train negative_sample_loss at step 100: 0.790997
2020-12-11 16:34:30 INFO     Train loss at step 100: 0.740976
2020-12-11 16:34:37 INFO     Train positive_sample_loss at step 200: 0.794741
2020-12-11 16:34:37 INFO     Train negative_sample_loss at step 200: 0.760129
2020-12-11 16:34:37 INFO     Train loss at step 200: 0.777435
2020-12-11 16:34:44 INFO     Train positive_sample_loss at step 300: 0.820028
2020-12-11 16:34:44 INFO     Train negative_sample_loss at step 300: 0.782065
2020-12-11 16:34:44 INFO     Train loss at step 300: 0.801046
2020-12-11 16:34:50 INFO     Train positive_sample_loss at step 400: 0.812249
2020-12-11 16:34:50 INFO     Train negative_sample_loss at step 400: 0.772481
2020-12-11 16:34:50 INFO     Train loss at step 400: 0.792365
2020-12-11 16:34:57 INFO     Train positive_sample_loss at step 500: 0.798700
2020-12-11 16:34:57 INFO     Train negative_sample_loss at step 500: 0.763248
2020-12-11 16:34:57 INFO     Train loss at step 500: 0.780974
2020-12-11 16:35:04 INFO     Train positive_sample_loss at step 600: 0.788066
2020-12-11 16:35:04 INFO     Train negative_sample_loss at step 600: 0.759771
2020-12-11 16:35:04 INFO     Train loss at step 600: 0.773918
2020-12-11 16:35:12 INFO     Train positive_sample_loss at step 700: 0.781199
2020-12-11 16:35:12 INFO     Train negative_sample_loss at step 700: 0.748714
2020-12-11 16:35:12 INFO     Train loss at step 700: 0.764956
2020-12-11 16:35:19 INFO     Train positive_sample_loss at step 800: 0.765034
2020-12-11 16:35:19 INFO     Train negative_sample_loss at step 800: 0.738690
2020-12-11 16:35:19 INFO     Train loss at step 800: 0.751862
2020-12-11 16:35:26 INFO     Train positive_sample_loss at step 900: 0.759694
2020-12-11 16:35:26 INFO     Train negative_sample_loss at step 900: 0.727513
2020-12-11 16:35:26 INFO     Train loss at step 900: 0.743604
2020-12-11 16:35:33 INFO     Train positive_sample_loss at step 1000: 0.751117
2020-12-11 16:35:33 INFO     Train negative_sample_loss at step 1000: 0.712210
2020-12-11 16:35:33 INFO     Train loss at step 1000: 0.731664
2020-12-11 16:35:39 INFO     Train positive_sample_loss at step 1100: 0.733130
2020-12-11 16:35:39 INFO     Train negative_sample_loss at step 1100: 0.702964
2020-12-11 16:35:39 INFO     Train loss at step 1100: 0.718047
2020-12-11 16:35:46 INFO     Train positive_sample_loss at step 1200: 0.724423
2020-12-11 16:35:46 INFO     Train negative_sample_loss at step 1200: 0.696728
2020-12-11 16:35:46 INFO     Train loss at step 1200: 0.710576
2020-12-11 16:35:53 INFO     Train positive_sample_loss at step 1300: 0.714533
2020-12-11 16:35:53 INFO     Train negative_sample_loss at step 1300: 0.692594
2020-12-11 16:35:53 INFO     Train loss at step 1300: 0.703563
2020-12-11 16:36:00 INFO     Train positive_sample_loss at step 1400: 0.705687
2020-12-11 16:36:00 INFO     Train negative_sample_loss at step 1400: 0.677200
2020-12-11 16:36:00 INFO     Train loss at step 1400: 0.691443
2020-12-11 16:36:06 INFO     Train positive_sample_loss at step 1500: 0.702237
2020-12-11 16:36:06 INFO     Train negative_sample_loss at step 1500: 0.675174
2020-12-11 16:36:06 INFO     Train loss at step 1500: 0.688705
2020-12-11 16:36:13 INFO     Train positive_sample_loss at step 1600: 0.702697
2020-12-11 16:36:13 INFO     Train negative_sample_loss at step 1600: 0.668575
2020-12-11 16:36:13 INFO     Train loss at step 1600: 0.685636
2020-12-11 16:36:20 INFO     Train positive_sample_loss at step 1700: 0.686609
2020-12-11 16:36:20 INFO     Train negative_sample_loss at step 1700: 0.667426
2020-12-11 16:36:20 INFO     Train loss at step 1700: 0.677017
2020-12-11 16:36:27 INFO     Train positive_sample_loss at step 1800: 0.680883
2020-12-11 16:36:27 INFO     Train negative_sample_loss at step 1800: 0.648308
2020-12-11 16:36:27 INFO     Train loss at step 1800: 0.664595
2020-12-11 16:36:33 INFO     Train positive_sample_loss at step 1900: 0.675293
2020-12-11 16:36:33 INFO     Train negative_sample_loss at step 1900: 0.649287
2020-12-11 16:36:33 INFO     Train loss at step 1900: 0.662290
2020-12-11 16:36:40 INFO     Train positive_sample_loss at step 2000: 0.670531
2020-12-11 16:36:40 INFO     Train negative_sample_loss at step 2000: 0.648413
2020-12-11 16:36:40 INFO     Train loss at step 2000: 0.659472
2020-12-11 16:36:47 INFO     Train positive_sample_loss at step 2100: 0.663715
2020-12-11 16:36:47 INFO     Train negative_sample_loss at step 2100: 0.647222
2020-12-11 16:36:47 INFO     Train loss at step 2100: 0.655469
2020-12-11 16:36:53 INFO     Train positive_sample_loss at step 2200: 0.657578
2020-12-11 16:36:53 INFO     Train negative_sample_loss at step 2200: 0.638270
2020-12-11 16:36:53 INFO     Train loss at step 2200: 0.647924
2020-12-11 16:37:00 INFO     Train positive_sample_loss at step 2300: 0.664289
2020-12-11 16:37:00 INFO     Train negative_sample_loss at step 2300: 0.639725
2020-12-11 16:37:00 INFO     Train loss at step 2300: 0.652007
2020-12-11 16:37:07 INFO     Train positive_sample_loss at step 2400: 0.647039
2020-12-11 16:37:07 INFO     Train negative_sample_loss at step 2400: 0.630586
2020-12-11 16:37:07 INFO     Train loss at step 2400: 0.638812
2020-12-11 16:37:15 INFO     Train positive_sample_loss at step 2500: 0.646217
2020-12-11 16:37:15 INFO     Train negative_sample_loss at step 2500: 0.631977
2020-12-11 16:37:15 INFO     Train loss at step 2500: 0.639097
2020-12-11 16:37:22 INFO     Train positive_sample_loss at step 2600: 0.638007
2020-12-11 16:37:22 INFO     Train negative_sample_loss at step 2600: 0.621523
2020-12-11 16:37:22 INFO     Train loss at step 2600: 0.629765
2020-12-11 16:37:28 INFO     Train positive_sample_loss at step 2700: 0.635011
2020-12-11 16:37:28 INFO     Train negative_sample_loss at step 2700: 0.623172
2020-12-11 16:37:28 INFO     Train loss at step 2700: 0.629091
2020-12-11 16:37:35 INFO     Train positive_sample_loss at step 2800: 0.629930
2020-12-11 16:37:35 INFO     Train negative_sample_loss at step 2800: 0.618181
2020-12-11 16:37:35 INFO     Train loss at step 2800: 0.624056
2020-12-11 16:37:42 INFO     Train positive_sample_loss at step 2900: 0.632336
2020-12-11 16:37:42 INFO     Train negative_sample_loss at step 2900: 0.621837
2020-12-11 16:37:42 INFO     Train loss at step 2900: 0.627086
2020-12-11 16:37:49 INFO     Train positive_sample_loss at step 3000: 0.623602
2020-12-11 16:37:49 INFO     Train negative_sample_loss at step 3000: 0.606119
2020-12-11 16:37:49 INFO     Train loss at step 3000: 0.614860
2020-12-11 16:37:55 INFO     Train positive_sample_loss at step 3100: 0.619092
2020-12-11 16:37:55 INFO     Train negative_sample_loss at step 3100: 0.613941
2020-12-11 16:37:55 INFO     Train loss at step 3100: 0.616517
2020-12-11 16:38:02 INFO     Train positive_sample_loss at step 3200: 0.606109
2020-12-11 16:38:02 INFO     Train negative_sample_loss at step 3200: 0.608270
2020-12-11 16:38:02 INFO     Train loss at step 3200: 0.607189
2020-12-11 16:38:09 INFO     Train positive_sample_loss at step 3300: 0.614115
2020-12-11 16:38:09 INFO     Train negative_sample_loss at step 3300: 0.607961
2020-12-11 16:38:09 INFO     Train loss at step 3300: 0.611038
2020-12-11 16:38:16 INFO     Train positive_sample_loss at step 3400: 0.612502
2020-12-11 16:38:16 INFO     Train negative_sample_loss at step 3400: 0.598563
2020-12-11 16:38:16 INFO     Train loss at step 3400: 0.605532
2020-12-11 16:38:24 INFO     Train positive_sample_loss at step 3500: 0.596480
2020-12-11 16:38:24 INFO     Train negative_sample_loss at step 3500: 0.603313
2020-12-11 16:38:24 INFO     Train loss at step 3500: 0.599896
2020-12-11 16:38:30 INFO     Train positive_sample_loss at step 3600: 0.594186
2020-12-11 16:38:30 INFO     Train negative_sample_loss at step 3600: 0.595094
2020-12-11 16:38:30 INFO     Train loss at step 3600: 0.594640
2020-12-11 16:38:37 INFO     Train positive_sample_loss at step 3700: 0.588442
2020-12-11 16:38:37 INFO     Train negative_sample_loss at step 3700: 0.595381
2020-12-11 16:38:37 INFO     Train loss at step 3700: 0.591911
2020-12-11 16:38:44 INFO     Train positive_sample_loss at step 3800: 0.581390
2020-12-11 16:38:44 INFO     Train negative_sample_loss at step 3800: 0.589321
2020-12-11 16:38:44 INFO     Train loss at step 3800: 0.585355
2020-12-11 16:38:50 INFO     Train positive_sample_loss at step 3900: 0.582134
2020-12-11 16:38:50 INFO     Train negative_sample_loss at step 3900: 0.587432
2020-12-11 16:38:50 INFO     Train loss at step 3900: 0.584783
2020-12-11 16:38:57 INFO     Train positive_sample_loss at step 4000: 0.572368
2020-12-11 16:38:57 INFO     Train negative_sample_loss at step 4000: 0.583138
2020-12-11 16:38:57 INFO     Train loss at step 4000: 0.577753
2020-12-11 16:39:04 INFO     Train positive_sample_loss at step 4100: 0.569570
2020-12-11 16:39:04 INFO     Train negative_sample_loss at step 4100: 0.582347
2020-12-11 16:39:04 INFO     Train loss at step 4100: 0.575958
2020-12-11 16:39:11 INFO     Train positive_sample_loss at step 4200: 0.568110
2020-12-11 16:39:11 INFO     Train negative_sample_loss at step 4200: 0.583111
2020-12-11 16:39:11 INFO     Train loss at step 4200: 0.575610
2020-12-11 16:39:17 INFO     Train positive_sample_loss at step 4300: 0.573351
2020-12-11 16:39:17 INFO     Train negative_sample_loss at step 4300: 0.579193
2020-12-11 16:39:17 INFO     Train loss at step 4300: 0.576272
2020-12-11 16:39:24 INFO     Train positive_sample_loss at step 4400: 0.559563
2020-12-11 16:39:24 INFO     Train negative_sample_loss at step 4400: 0.585091
2020-12-11 16:39:24 INFO     Train loss at step 4400: 0.572327
2020-12-11 16:39:31 INFO     Train positive_sample_loss at step 4500: 0.564857
2020-12-11 16:39:31 INFO     Train negative_sample_loss at step 4500: 0.580430
2020-12-11 16:39:31 INFO     Train loss at step 4500: 0.572644
2020-12-11 16:39:38 INFO     Train positive_sample_loss at step 4600: 0.555762
2020-12-11 16:39:38 INFO     Train negative_sample_loss at step 4600: 0.570160
2020-12-11 16:39:38 INFO     Train loss at step 4600: 0.562961
2020-12-11 16:39:44 INFO     Train positive_sample_loss at step 4700: 0.552020
2020-12-11 16:39:44 INFO     Train negative_sample_loss at step 4700: 0.575229
2020-12-11 16:39:44 INFO     Train loss at step 4700: 0.563625
2020-12-11 16:39:51 INFO     Train positive_sample_loss at step 4800: 0.552448
2020-12-11 16:39:51 INFO     Train negative_sample_loss at step 4800: 0.562501
2020-12-11 16:39:51 INFO     Train loss at step 4800: 0.557475
2020-12-11 16:39:58 INFO     Train positive_sample_loss at step 4900: 0.548295
2020-12-11 16:39:58 INFO     Train negative_sample_loss at step 4900: 0.571413
2020-12-11 16:39:58 INFO     Train loss at step 4900: 0.559854
2020-12-11 16:40:04 INFO     Train positive_sample_loss at step 5000: 0.541587
2020-12-11 16:40:04 INFO     Train negative_sample_loss at step 5000: 0.569141
2020-12-11 16:40:04 INFO     Train loss at step 5000: 0.555364
2020-12-11 16:40:11 INFO     Train positive_sample_loss at step 5100: 0.535688
2020-12-11 16:40:11 INFO     Train negative_sample_loss at step 5100: 0.568521
2020-12-11 16:40:11 INFO     Train loss at step 5100: 0.552104
2020-12-11 16:40:18 INFO     Train positive_sample_loss at step 5200: 0.537817
2020-12-11 16:40:18 INFO     Train negative_sample_loss at step 5200: 0.568915
2020-12-11 16:40:18 INFO     Train loss at step 5200: 0.553366
2020-12-11 16:40:26 INFO     Train positive_sample_loss at step 5300: 0.536350
2020-12-11 16:40:26 INFO     Train negative_sample_loss at step 5300: 0.563412
2020-12-11 16:40:26 INFO     Train loss at step 5300: 0.549881
2020-12-11 16:40:33 INFO     Train positive_sample_loss at step 5400: 0.531720
2020-12-11 16:40:33 INFO     Train negative_sample_loss at step 5400: 0.563758
2020-12-11 16:40:33 INFO     Train loss at step 5400: 0.547739
2020-12-11 16:40:39 INFO     Train positive_sample_loss at step 5500: 0.522553
2020-12-11 16:40:39 INFO     Train negative_sample_loss at step 5500: 0.567462
2020-12-11 16:40:39 INFO     Train loss at step 5500: 0.545008
2020-12-11 16:40:46 INFO     Train positive_sample_loss at step 5600: 0.530202
2020-12-11 16:40:46 INFO     Train negative_sample_loss at step 5600: 0.555617
2020-12-11 16:40:46 INFO     Train loss at step 5600: 0.542910
2020-12-11 16:40:53 INFO     Train positive_sample_loss at step 5700: 0.526399
2020-12-11 16:40:53 INFO     Train negative_sample_loss at step 5700: 0.560010
2020-12-11 16:40:53 INFO     Train loss at step 5700: 0.543204
2020-12-11 16:40:59 INFO     Train positive_sample_loss at step 5800: 0.526436
2020-12-11 16:40:59 INFO     Train negative_sample_loss at step 5800: 0.558195
2020-12-11 16:40:59 INFO     Train loss at step 5800: 0.542316
2020-12-11 16:41:06 INFO     Train positive_sample_loss at step 5900: 0.518445
2020-12-11 16:41:06 INFO     Train negative_sample_loss at step 5900: 0.557740
2020-12-11 16:41:06 INFO     Train loss at step 5900: 0.538092
2020-12-11 16:41:13 INFO     Train positive_sample_loss at step 6000: 0.516956
2020-12-11 16:41:13 INFO     Train negative_sample_loss at step 6000: 0.562832
2020-12-11 16:41:13 INFO     Train loss at step 6000: 0.539894
2020-12-11 16:41:20 INFO     Train positive_sample_loss at step 6100: 0.523741
2020-12-11 16:41:20 INFO     Train negative_sample_loss at step 6100: 0.562042
2020-12-11 16:41:20 INFO     Train loss at step 6100: 0.542892
2020-12-11 16:41:28 INFO     Train positive_sample_loss at step 6200: 0.521841
2020-12-11 16:41:28 INFO     Train negative_sample_loss at step 6200: 0.562627
2020-12-11 16:41:28 INFO     Train loss at step 6200: 0.542234
2020-12-11 16:41:34 INFO     Train positive_sample_loss at step 6300: 0.514162
2020-12-11 16:41:34 INFO     Train negative_sample_loss at step 6300: 0.564203
2020-12-11 16:41:34 INFO     Train loss at step 6300: 0.539182
2020-12-11 16:41:41 INFO     Train positive_sample_loss at step 6400: 0.505568
2020-12-11 16:41:41 INFO     Train negative_sample_loss at step 6400: 0.559314
2020-12-11 16:41:41 INFO     Train loss at step 6400: 0.532441
2020-12-11 16:41:48 INFO     Train positive_sample_loss at step 6500: 0.506945
2020-12-11 16:41:48 INFO     Train negative_sample_loss at step 6500: 0.558035
2020-12-11 16:41:48 INFO     Train loss at step 6500: 0.532490
2020-12-11 16:41:55 INFO     Train positive_sample_loss at step 6600: 0.506427
2020-12-11 16:41:55 INFO     Train negative_sample_loss at step 6600: 0.556674
2020-12-11 16:41:55 INFO     Train loss at step 6600: 0.531551
2020-12-11 16:42:01 INFO     Train positive_sample_loss at step 6700: 0.506668
2020-12-11 16:42:01 INFO     Train negative_sample_loss at step 6700: 0.556039
2020-12-11 16:42:01 INFO     Train loss at step 6700: 0.531354
2020-12-11 16:42:08 INFO     Train positive_sample_loss at step 6800: 0.506494
2020-12-11 16:42:08 INFO     Train negative_sample_loss at step 6800: 0.554170
2020-12-11 16:42:08 INFO     Train loss at step 6800: 0.530332
2020-12-11 16:42:15 INFO     Train positive_sample_loss at step 6900: 0.500047
2020-12-11 16:42:15 INFO     Train negative_sample_loss at step 6900: 0.551704
2020-12-11 16:42:15 INFO     Train loss at step 6900: 0.525876
2020-12-11 16:42:21 INFO     Train positive_sample_loss at step 7000: 0.505514
2020-12-11 16:42:21 INFO     Train negative_sample_loss at step 7000: 0.557097
2020-12-11 16:42:21 INFO     Train loss at step 7000: 0.531305
2020-12-11 16:42:28 INFO     Train positive_sample_loss at step 7100: 0.503727
2020-12-11 16:42:28 INFO     Train negative_sample_loss at step 7100: 0.559682
2020-12-11 16:42:28 INFO     Train loss at step 7100: 0.531705
2020-12-11 16:42:35 INFO     Train positive_sample_loss at step 7200: 0.499237
2020-12-11 16:42:35 INFO     Train negative_sample_loss at step 7200: 0.557656
2020-12-11 16:42:35 INFO     Train loss at step 7200: 0.528446
2020-12-11 16:42:42 INFO     Train positive_sample_loss at step 7300: 0.497827
2020-12-11 16:42:42 INFO     Train negative_sample_loss at step 7300: 0.555269
2020-12-11 16:42:42 INFO     Train loss at step 7300: 0.526548
2020-12-11 16:42:48 INFO     Train positive_sample_loss at step 7400: 0.500032
2020-12-11 16:42:48 INFO     Train negative_sample_loss at step 7400: 0.553241
2020-12-11 16:42:48 INFO     Train loss at step 7400: 0.526636
2020-12-11 16:42:55 INFO     Train positive_sample_loss at step 7500: 0.503454
2020-12-11 16:42:55 INFO     Train negative_sample_loss at step 7500: 0.555665
2020-12-11 16:42:55 INFO     Train loss at step 7500: 0.529560
2020-12-11 16:43:01 INFO     Train positive_sample_loss at step 7600: 0.492869
2020-12-11 16:43:01 INFO     Train negative_sample_loss at step 7600: 0.552467
2020-12-11 16:43:01 INFO     Train loss at step 7600: 0.522668
2020-12-11 16:43:08 INFO     Train positive_sample_loss at step 7700: 0.497351
2020-12-11 16:43:08 INFO     Train negative_sample_loss at step 7700: 0.552871
2020-12-11 16:43:08 INFO     Train loss at step 7700: 0.525111
2020-12-11 16:43:15 INFO     Train positive_sample_loss at step 7800: 0.489378
2020-12-11 16:43:15 INFO     Train negative_sample_loss at step 7800: 0.552157
2020-12-11 16:43:15 INFO     Train loss at step 7800: 0.520767
2020-12-11 16:43:21 INFO     Train positive_sample_loss at step 7900: 0.493579
2020-12-11 16:43:21 INFO     Train negative_sample_loss at step 7900: 0.555070
2020-12-11 16:43:21 INFO     Train loss at step 7900: 0.524324
2020-12-11 16:43:30 INFO     Train positive_sample_loss at step 8000: 0.490594
2020-12-11 16:43:30 INFO     Train negative_sample_loss at step 8000: 0.554645
2020-12-11 16:43:30 INFO     Train loss at step 8000: 0.522620
2020-12-11 16:43:36 INFO     Train positive_sample_loss at step 8100: 0.493102
2020-12-11 16:43:36 INFO     Train negative_sample_loss at step 8100: 0.551190
2020-12-11 16:43:36 INFO     Train loss at step 8100: 0.522146
2020-12-11 16:43:43 INFO     Train positive_sample_loss at step 8200: 0.484554
2020-12-11 16:43:43 INFO     Train negative_sample_loss at step 8200: 0.556055
2020-12-11 16:43:43 INFO     Train loss at step 8200: 0.520305
2020-12-11 16:43:50 INFO     Train positive_sample_loss at step 8300: 0.489923
2020-12-11 16:43:50 INFO     Train negative_sample_loss at step 8300: 0.549702
2020-12-11 16:43:50 INFO     Train loss at step 8300: 0.519812
2020-12-11 16:43:56 INFO     Train positive_sample_loss at step 8400: 0.497289
2020-12-11 16:43:56 INFO     Train negative_sample_loss at step 8400: 0.555012
2020-12-11 16:43:56 INFO     Train loss at step 8400: 0.526150
2020-12-11 16:44:03 INFO     Train positive_sample_loss at step 8500: 0.486987
2020-12-11 16:44:03 INFO     Train negative_sample_loss at step 8500: 0.554625
2020-12-11 16:44:03 INFO     Train loss at step 8500: 0.520806
2020-12-11 16:44:10 INFO     Train positive_sample_loss at step 8600: 0.489163
2020-12-11 16:44:10 INFO     Train negative_sample_loss at step 8600: 0.555768
2020-12-11 16:44:10 INFO     Train loss at step 8600: 0.522466
2020-12-11 16:44:16 INFO     Train positive_sample_loss at step 8700: 0.486417
2020-12-11 16:44:16 INFO     Train negative_sample_loss at step 8700: 0.554886
2020-12-11 16:44:16 INFO     Train loss at step 8700: 0.520652
2020-12-11 16:44:23 INFO     Train positive_sample_loss at step 8800: 0.485567
2020-12-11 16:44:23 INFO     Train negative_sample_loss at step 8800: 0.549994
2020-12-11 16:44:23 INFO     Train loss at step 8800: 0.517780
2020-12-11 16:44:30 INFO     Train positive_sample_loss at step 8900: 0.479294
2020-12-11 16:44:30 INFO     Train negative_sample_loss at step 8900: 0.560724
2020-12-11 16:44:30 INFO     Train loss at step 8900: 0.520009
2020-12-11 16:44:38 INFO     Train positive_sample_loss at step 9000: 0.487272
2020-12-11 16:44:38 INFO     Train negative_sample_loss at step 9000: 0.563213
2020-12-11 16:44:38 INFO     Train loss at step 9000: 0.525243
2020-12-11 16:44:45 INFO     Train positive_sample_loss at step 9100: 0.480479
2020-12-11 16:44:45 INFO     Train negative_sample_loss at step 9100: 0.550905
2020-12-11 16:44:45 INFO     Train loss at step 9100: 0.515692
2020-12-11 16:44:51 INFO     Train positive_sample_loss at step 9200: 0.485588
2020-12-11 16:44:51 INFO     Train negative_sample_loss at step 9200: 0.554204
2020-12-11 16:44:51 INFO     Train loss at step 9200: 0.519896
2020-12-11 16:44:58 INFO     Train positive_sample_loss at step 9300: 0.479446
2020-12-11 16:44:58 INFO     Train negative_sample_loss at step 9300: 0.549784
2020-12-11 16:44:58 INFO     Train loss at step 9300: 0.514615
2020-12-11 16:45:04 INFO     Train positive_sample_loss at step 9400: 0.480590
2020-12-11 16:45:04 INFO     Train negative_sample_loss at step 9400: 0.551708
2020-12-11 16:45:04 INFO     Train loss at step 9400: 0.516149
2020-12-11 16:45:11 INFO     Train positive_sample_loss at step 9500: 0.480722
2020-12-11 16:45:11 INFO     Train negative_sample_loss at step 9500: 0.554031
2020-12-11 16:45:11 INFO     Train loss at step 9500: 0.517376
2020-12-11 16:45:18 INFO     Train positive_sample_loss at step 9600: 0.479085
2020-12-11 16:45:18 INFO     Train negative_sample_loss at step 9600: 0.555781
2020-12-11 16:45:18 INFO     Train loss at step 9600: 0.517433
2020-12-11 16:45:24 INFO     Train positive_sample_loss at step 9700: 0.477547
2020-12-11 16:45:24 INFO     Train negative_sample_loss at step 9700: 0.547043
2020-12-11 16:45:24 INFO     Train loss at step 9700: 0.512295
2020-12-11 16:45:31 INFO     Train positive_sample_loss at step 9800: 0.477743
2020-12-11 16:45:31 INFO     Train negative_sample_loss at step 9800: 0.545947
2020-12-11 16:45:31 INFO     Train loss at step 9800: 0.511845
2020-12-11 16:45:38 INFO     Train positive_sample_loss at step 9900: 0.471454
2020-12-11 16:45:38 INFO     Train negative_sample_loss at step 9900: 0.558137
2020-12-11 16:45:38 INFO     Train loss at step 9900: 0.514795
2020-12-11 16:45:56 INFO     Train positive_sample_loss at step 10000: 0.481630
2020-12-11 16:45:56 INFO     Train negative_sample_loss at step 10000: 0.550362
2020-12-11 16:45:56 INFO     Train loss at step 10000: 0.515996
2020-12-11 16:45:56 INFO     Evaluating on Valid Dataset...
2020-12-11 16:45:56 INFO     Evaluating the model... (0/10182)
2020-12-11 16:46:00 INFO     Evaluating the model... (1000/10182)
2020-12-11 16:46:04 INFO     Evaluating the model... (2000/10182)
2020-12-11 16:46:07 INFO     Evaluating the model... (3000/10182)
2020-12-11 16:46:11 INFO     Evaluating the model... (4000/10182)
2020-12-11 16:46:15 INFO     Evaluating the model... (5000/10182)
2020-12-11 16:46:19 INFO     Evaluating the model... (6000/10182)
2020-12-11 16:46:22 INFO     Evaluating the model... (7000/10182)
2020-12-11 16:46:26 INFO     Evaluating the model... (8000/10182)
2020-12-11 16:46:30 INFO     Evaluating the model... (9000/10182)
2020-12-11 16:46:33 INFO     Evaluating the model... (10000/10182)
2020-12-11 16:46:34 INFO     Valid hits@1_list at step 10000: 0.469620
2020-12-11 16:46:34 INFO     Summary name Valid_hits@1_list is illegal; using Valid_hits_1_list instead.
2020-12-11 16:46:34 INFO     Valid hits@3_list at step 10000: 0.672575
2020-12-11 16:46:34 INFO     Summary name Valid_hits@3_list is illegal; using Valid_hits_3_list instead.
2020-12-11 16:46:34 INFO     Valid hits@10_list at step 10000: 0.817016
2020-12-11 16:46:34 INFO     Summary name Valid_hits@10_list is illegal; using Valid_hits_10_list instead.
2020-12-11 16:46:34 INFO     Valid mrr_list at step 10000: 0.592363
2020-12-11 16:46:41 INFO     Train positive_sample_loss at step 10100: 0.474750
2020-12-11 16:46:41 INFO     Train negative_sample_loss at step 10100: 0.560064
2020-12-11 16:46:41 INFO     Train loss at step 10100: 0.517407
2020-12-11 16:46:47 INFO     Train positive_sample_loss at step 10200: 0.473607
2020-12-11 16:46:47 INFO     Train negative_sample_loss at step 10200: 0.556011
2020-12-11 16:46:47 INFO     Train loss at step 10200: 0.514809
2020-12-11 16:46:54 INFO     Train positive_sample_loss at step 10300: 0.478992
2020-12-11 16:46:54 INFO     Train negative_sample_loss at step 10300: 0.557998
2020-12-11 16:46:54 INFO     Train loss at step 10300: 0.518495
2020-12-11 16:47:01 INFO     Train positive_sample_loss at step 10400: 0.478772
2020-12-11 16:47:01 INFO     Train negative_sample_loss at step 10400: 0.562172
2020-12-11 16:47:01 INFO     Train loss at step 10400: 0.520472
2020-12-11 16:47:07 INFO     Train positive_sample_loss at step 10500: 0.475714
2020-12-11 16:47:07 INFO     Train negative_sample_loss at step 10500: 0.553424
2020-12-11 16:47:07 INFO     Train loss at step 10500: 0.514569
2020-12-11 16:47:14 INFO     Train positive_sample_loss at step 10600: 0.477900
2020-12-11 16:47:14 INFO     Train negative_sample_loss at step 10600: 0.561715
2020-12-11 16:47:14 INFO     Train loss at step 10600: 0.519807
2020-12-11 16:47:21 INFO     Train positive_sample_loss at step 10700: 0.476845
2020-12-11 16:47:21 INFO     Train negative_sample_loss at step 10700: 0.557699
2020-12-11 16:47:21 INFO     Train loss at step 10700: 0.517272
2020-12-11 16:47:29 INFO     Train positive_sample_loss at step 10800: 0.470095
2020-12-11 16:47:29 INFO     Train negative_sample_loss at step 10800: 0.554883
2020-12-11 16:47:29 INFO     Train loss at step 10800: 0.512489
2020-12-11 16:47:35 INFO     Train positive_sample_loss at step 10900: 0.472720
2020-12-11 16:47:35 INFO     Train negative_sample_loss at step 10900: 0.556688
2020-12-11 16:47:35 INFO     Train loss at step 10900: 0.514704
2020-12-11 16:47:42 INFO     Train positive_sample_loss at step 11000: 0.478575
2020-12-11 16:47:42 INFO     Train negative_sample_loss at step 11000: 0.554476
2020-12-11 16:47:42 INFO     Train loss at step 11000: 0.516526
2020-12-11 16:47:49 INFO     Train positive_sample_loss at step 11100: 0.477017
2020-12-11 16:47:49 INFO     Train negative_sample_loss at step 11100: 0.556549
2020-12-11 16:47:49 INFO     Train loss at step 11100: 0.516783
2020-12-11 16:47:55 INFO     Train positive_sample_loss at step 11200: 0.473285
2020-12-11 16:47:55 INFO     Train negative_sample_loss at step 11200: 0.552506
2020-12-11 16:47:55 INFO     Train loss at step 11200: 0.512895
2020-12-11 16:48:02 INFO     Train positive_sample_loss at step 11300: 0.473587
2020-12-11 16:48:02 INFO     Train negative_sample_loss at step 11300: 0.560083
2020-12-11 16:48:02 INFO     Train loss at step 11300: 0.516835
2020-12-11 16:48:09 INFO     Train positive_sample_loss at step 11400: 0.472962
2020-12-11 16:48:09 INFO     Train negative_sample_loss at step 11400: 0.551050
2020-12-11 16:48:09 INFO     Train loss at step 11400: 0.512006
2020-12-11 16:48:15 INFO     Train positive_sample_loss at step 11500: 0.473650
2020-12-11 16:48:15 INFO     Train negative_sample_loss at step 11500: 0.557692
2020-12-11 16:48:15 INFO     Train loss at step 11500: 0.515671
2020-12-11 16:48:22 INFO     Train positive_sample_loss at step 11600: 0.472871
2020-12-11 16:48:22 INFO     Train negative_sample_loss at step 11600: 0.553344
2020-12-11 16:48:22 INFO     Train loss at step 11600: 0.513107
2020-12-11 16:48:30 INFO     Train positive_sample_loss at step 11700: 0.471852
2020-12-11 16:48:30 INFO     Train negative_sample_loss at step 11700: 0.562540
2020-12-11 16:48:30 INFO     Train loss at step 11700: 0.517196
2020-12-11 16:48:36 INFO     Train positive_sample_loss at step 11800: 0.472178
2020-12-11 16:48:36 INFO     Train negative_sample_loss at step 11800: 0.553171
2020-12-11 16:48:36 INFO     Train loss at step 11800: 0.512674
2020-12-11 16:48:43 INFO     Train positive_sample_loss at step 11900: 0.474464
2020-12-11 16:48:43 INFO     Train negative_sample_loss at step 11900: 0.557317
2020-12-11 16:48:43 INFO     Train loss at step 11900: 0.515890
2020-12-11 16:48:50 INFO     Train positive_sample_loss at step 12000: 0.472655
2020-12-11 16:48:50 INFO     Train negative_sample_loss at step 12000: 0.556329
2020-12-11 16:48:50 INFO     Train loss at step 12000: 0.514492
2020-12-11 16:48:56 INFO     Train positive_sample_loss at step 12100: 0.475629
2020-12-11 16:48:56 INFO     Train negative_sample_loss at step 12100: 0.561550
2020-12-11 16:48:56 INFO     Train loss at step 12100: 0.518589
2020-12-11 16:49:03 INFO     Train positive_sample_loss at step 12200: 0.469349
2020-12-11 16:49:03 INFO     Train negative_sample_loss at step 12200: 0.555591
2020-12-11 16:49:03 INFO     Train loss at step 12200: 0.512470
2020-12-11 16:49:10 INFO     Train positive_sample_loss at step 12300: 0.469254
2020-12-11 16:49:10 INFO     Train negative_sample_loss at step 12300: 0.553489
2020-12-11 16:49:10 INFO     Train loss at step 12300: 0.511372
2020-12-11 16:49:16 INFO     Train positive_sample_loss at step 12400: 0.470457
2020-12-11 16:49:16 INFO     Train negative_sample_loss at step 12400: 0.561145
2020-12-11 16:49:16 INFO     Train loss at step 12400: 0.515801
2020-12-11 16:49:23 INFO     Train positive_sample_loss at step 12500: 0.476107
2020-12-11 16:49:23 INFO     Train negative_sample_loss at step 12500: 0.559200
2020-12-11 16:49:23 INFO     Train loss at step 12500: 0.517653
2020-12-11 16:49:29 INFO     Train positive_sample_loss at step 12600: 0.465540
2020-12-11 16:49:29 INFO     Train negative_sample_loss at step 12600: 0.562803
2020-12-11 16:49:29 INFO     Train loss at step 12600: 0.514172
2020-12-11 16:49:36 INFO     Train positive_sample_loss at step 12700: 0.472311
2020-12-11 16:49:36 INFO     Train negative_sample_loss at step 12700: 0.561174
2020-12-11 16:49:36 INFO     Train loss at step 12700: 0.516742
2020-12-11 16:49:43 INFO     Train positive_sample_loss at step 12800: 0.473183
2020-12-11 16:49:43 INFO     Train negative_sample_loss at step 12800: 0.556080
2020-12-11 16:49:43 INFO     Train loss at step 12800: 0.514632
2020-12-11 16:49:49 INFO     Train positive_sample_loss at step 12900: 0.468198
2020-12-11 16:49:49 INFO     Train negative_sample_loss at step 12900: 0.561589
2020-12-11 16:49:49 INFO     Train loss at step 12900: 0.514894
2020-12-11 16:49:56 INFO     Train positive_sample_loss at step 13000: 0.472496
2020-12-11 16:49:56 INFO     Train negative_sample_loss at step 13000: 0.553045
2020-12-11 16:49:56 INFO     Train loss at step 13000: 0.512770
2020-12-11 16:50:03 INFO     Train positive_sample_loss at step 13100: 0.467093
2020-12-11 16:50:03 INFO     Train negative_sample_loss at step 13100: 0.560665
2020-12-11 16:50:03 INFO     Train loss at step 13100: 0.513879
2020-12-11 16:50:09 INFO     Train positive_sample_loss at step 13200: 0.464843
2020-12-11 16:50:09 INFO     Train negative_sample_loss at step 13200: 0.554750
2020-12-11 16:50:09 INFO     Train loss at step 13200: 0.509797
2020-12-11 16:50:16 INFO     Train positive_sample_loss at step 13300: 0.463328
2020-12-11 16:50:16 INFO     Train negative_sample_loss at step 13300: 0.554743
2020-12-11 16:50:16 INFO     Train loss at step 13300: 0.509036
2020-12-11 16:50:23 INFO     Train positive_sample_loss at step 13400: 0.472316
2020-12-11 16:50:23 INFO     Train negative_sample_loss at step 13400: 0.557351
2020-12-11 16:50:23 INFO     Train loss at step 13400: 0.514833
2020-12-11 16:50:30 INFO     Train positive_sample_loss at step 13500: 0.470953
2020-12-11 16:50:30 INFO     Train negative_sample_loss at step 13500: 0.555231
2020-12-11 16:50:30 INFO     Train loss at step 13500: 0.513092
2020-12-11 16:50:37 INFO     Train positive_sample_loss at step 13600: 0.466435
2020-12-11 16:50:37 INFO     Train negative_sample_loss at step 13600: 0.558198
2020-12-11 16:50:37 INFO     Train loss at step 13600: 0.512317
2020-12-11 16:50:44 INFO     Train positive_sample_loss at step 13700: 0.468500
2020-12-11 16:50:44 INFO     Train negative_sample_loss at step 13700: 0.558604
2020-12-11 16:50:44 INFO     Train loss at step 13700: 0.513552
2020-12-11 16:50:51 INFO     Train positive_sample_loss at step 13800: 0.469022
2020-12-11 16:50:51 INFO     Train negative_sample_loss at step 13800: 0.564200
2020-12-11 16:50:51 INFO     Train loss at step 13800: 0.516611
2020-12-11 16:50:57 INFO     Train positive_sample_loss at step 13900: 0.466604
2020-12-11 16:50:57 INFO     Train negative_sample_loss at step 13900: 0.554614
2020-12-11 16:50:57 INFO     Train loss at step 13900: 0.510609
2020-12-11 16:51:04 INFO     Train positive_sample_loss at step 14000: 0.463687
2020-12-11 16:51:04 INFO     Train negative_sample_loss at step 14000: 0.555331
2020-12-11 16:51:04 INFO     Train loss at step 14000: 0.509509
2020-12-11 16:51:10 INFO     Train positive_sample_loss at step 14100: 0.463966
2020-12-11 16:51:10 INFO     Train negative_sample_loss at step 14100: 0.559647
2020-12-11 16:51:10 INFO     Train loss at step 14100: 0.511807
2020-12-11 16:51:17 INFO     Train positive_sample_loss at step 14200: 0.469812
2020-12-11 16:51:17 INFO     Train negative_sample_loss at step 14200: 0.565762
2020-12-11 16:51:17 INFO     Train loss at step 14200: 0.517787
2020-12-11 16:51:24 INFO     Train positive_sample_loss at step 14300: 0.468174
2020-12-11 16:51:24 INFO     Train negative_sample_loss at step 14300: 0.564965
2020-12-11 16:51:24 INFO     Train loss at step 14300: 0.516569
2020-12-11 16:51:30 INFO     Train positive_sample_loss at step 14400: 0.470360
2020-12-11 16:51:30 INFO     Train negative_sample_loss at step 14400: 0.561232
2020-12-11 16:51:30 INFO     Train loss at step 14400: 0.515796
2020-12-11 16:51:38 INFO     Train positive_sample_loss at step 14500: 0.466087
2020-12-11 16:51:38 INFO     Train negative_sample_loss at step 14500: 0.555356
2020-12-11 16:51:38 INFO     Train loss at step 14500: 0.510722
2020-12-11 16:51:45 INFO     Train positive_sample_loss at step 14600: 0.466077
2020-12-11 16:51:45 INFO     Train negative_sample_loss at step 14600: 0.557833
2020-12-11 16:51:45 INFO     Train loss at step 14600: 0.511955
2020-12-11 16:51:52 INFO     Train positive_sample_loss at step 14700: 0.462916
2020-12-11 16:51:52 INFO     Train negative_sample_loss at step 14700: 0.565893
2020-12-11 16:51:52 INFO     Train loss at step 14700: 0.514404
2020-12-11 16:51:58 INFO     Train positive_sample_loss at step 14800: 0.459989
2020-12-11 16:51:58 INFO     Train negative_sample_loss at step 14800: 0.557217
2020-12-11 16:51:58 INFO     Train loss at step 14800: 0.508603
2020-12-11 16:52:05 INFO     Train positive_sample_loss at step 14900: 0.466580
2020-12-11 16:52:05 INFO     Train negative_sample_loss at step 14900: 0.562288
2020-12-11 16:52:05 INFO     Train loss at step 14900: 0.514434
2020-12-11 16:52:11 INFO     Train positive_sample_loss at step 15000: 0.472553
2020-12-11 16:52:11 INFO     Train negative_sample_loss at step 15000: 0.561782
2020-12-11 16:52:11 INFO     Train loss at step 15000: 0.517167
2020-12-11 16:52:18 INFO     Train positive_sample_loss at step 15100: 0.469466
2020-12-11 16:52:18 INFO     Train negative_sample_loss at step 15100: 0.561456
2020-12-11 16:52:18 INFO     Train loss at step 15100: 0.515461
2020-12-11 16:52:25 INFO     Train positive_sample_loss at step 15200: 0.465101
2020-12-11 16:52:25 INFO     Train negative_sample_loss at step 15200: 0.560519
2020-12-11 16:52:25 INFO     Train loss at step 15200: 0.512810
2020-12-11 16:52:31 INFO     Train positive_sample_loss at step 15300: 0.464650
2020-12-11 16:52:31 INFO     Train negative_sample_loss at step 15300: 0.562287
2020-12-11 16:52:31 INFO     Train loss at step 15300: 0.513468
2020-12-11 16:52:38 INFO     Train positive_sample_loss at step 15400: 0.462559
2020-12-11 16:52:38 INFO     Train negative_sample_loss at step 15400: 0.561572
2020-12-11 16:52:38 INFO     Train loss at step 15400: 0.512065
2020-12-11 16:52:45 INFO     Train positive_sample_loss at step 15500: 0.458075
2020-12-11 16:52:45 INFO     Train negative_sample_loss at step 15500: 0.554211
2020-12-11 16:52:45 INFO     Train loss at step 15500: 0.506143
2020-12-11 16:52:51 INFO     Train positive_sample_loss at step 15600: 0.461255
2020-12-11 16:52:51 INFO     Train negative_sample_loss at step 15600: 0.569486
2020-12-11 16:52:51 INFO     Train loss at step 15600: 0.515371
2020-12-11 16:52:58 INFO     Train positive_sample_loss at step 15700: 0.467846
2020-12-11 16:52:58 INFO     Train negative_sample_loss at step 15700: 0.557171
2020-12-11 16:52:58 INFO     Train loss at step 15700: 0.512508
2020-12-11 16:53:05 INFO     Train positive_sample_loss at step 15800: 0.463952
2020-12-11 16:53:05 INFO     Train negative_sample_loss at step 15800: 0.560085
2020-12-11 16:53:05 INFO     Train loss at step 15800: 0.512018
2020-12-11 16:53:11 INFO     Train positive_sample_loss at step 15900: 0.460061
2020-12-11 16:53:11 INFO     Train negative_sample_loss at step 15900: 0.556949
2020-12-11 16:53:11 INFO     Train loss at step 15900: 0.508505
2020-12-11 16:53:18 INFO     Train positive_sample_loss at step 16000: 0.467192
2020-12-11 16:53:18 INFO     Train negative_sample_loss at step 16000: 0.564233
2020-12-11 16:53:18 INFO     Train loss at step 16000: 0.515713
2020-12-11 16:53:25 INFO     Train positive_sample_loss at step 16100: 0.463739
2020-12-11 16:53:25 INFO     Train negative_sample_loss at step 16100: 0.550348
2020-12-11 16:53:25 INFO     Train loss at step 16100: 0.507043
2020-12-11 16:53:31 INFO     Train positive_sample_loss at step 16200: 0.466588
2020-12-11 16:53:31 INFO     Train negative_sample_loss at step 16200: 0.563678
2020-12-11 16:53:31 INFO     Train loss at step 16200: 0.515133
2020-12-11 16:53:39 INFO     Train positive_sample_loss at step 16300: 0.471131
2020-12-11 16:53:39 INFO     Train negative_sample_loss at step 16300: 0.566232
2020-12-11 16:53:39 INFO     Train loss at step 16300: 0.518682
2020-12-11 16:53:46 INFO     Train positive_sample_loss at step 16400: 0.466531
2020-12-11 16:53:46 INFO     Train negative_sample_loss at step 16400: 0.567357
2020-12-11 16:53:46 INFO     Train loss at step 16400: 0.516944
2020-12-11 16:53:52 INFO     Train positive_sample_loss at step 16500: 0.466450
2020-12-11 16:53:52 INFO     Train negative_sample_loss at step 16500: 0.557692
2020-12-11 16:53:52 INFO     Train loss at step 16500: 0.512071
2020-12-11 16:53:59 INFO     Train positive_sample_loss at step 16600: 0.467790
2020-12-11 16:53:59 INFO     Train negative_sample_loss at step 16600: 0.568717
2020-12-11 16:53:59 INFO     Train loss at step 16600: 0.518253
2020-12-11 16:54:06 INFO     Train positive_sample_loss at step 16700: 0.459453
2020-12-11 16:54:06 INFO     Train negative_sample_loss at step 16700: 0.556978
2020-12-11 16:54:06 INFO     Train loss at step 16700: 0.508215
2020-12-11 16:54:12 INFO     Train positive_sample_loss at step 16800: 0.461996
2020-12-11 16:54:12 INFO     Train negative_sample_loss at step 16800: 0.562260
2020-12-11 16:54:12 INFO     Train loss at step 16800: 0.512128
2020-12-11 16:54:19 INFO     Train positive_sample_loss at step 16900: 0.468270
2020-12-11 16:54:19 INFO     Train negative_sample_loss at step 16900: 0.572411
2020-12-11 16:54:19 INFO     Train loss at step 16900: 0.520341
2020-12-11 16:54:25 INFO     Train positive_sample_loss at step 17000: 0.461792
2020-12-11 16:54:25 INFO     Train negative_sample_loss at step 17000: 0.560118
2020-12-11 16:54:25 INFO     Train loss at step 17000: 0.510955
2020-12-11 16:54:32 INFO     Train positive_sample_loss at step 17100: 0.469748
2020-12-11 16:54:32 INFO     Train negative_sample_loss at step 17100: 0.564185
2020-12-11 16:54:32 INFO     Train loss at step 17100: 0.516966
2020-12-11 16:54:39 INFO     Train positive_sample_loss at step 17200: 0.461891
2020-12-11 16:54:39 INFO     Train negative_sample_loss at step 17200: 0.561473
2020-12-11 16:54:39 INFO     Train loss at step 17200: 0.511682
2020-12-11 16:54:46 INFO     Train positive_sample_loss at step 17300: 0.466295
2020-12-11 16:54:46 INFO     Train negative_sample_loss at step 17300: 0.567709
2020-12-11 16:54:46 INFO     Train loss at step 17300: 0.517002
2020-12-11 16:54:53 INFO     Train positive_sample_loss at step 17400: 0.465221
2020-12-11 16:54:53 INFO     Train negative_sample_loss at step 17400: 0.564672
2020-12-11 16:54:53 INFO     Train loss at step 17400: 0.514946
2020-12-11 16:54:59 INFO     Train positive_sample_loss at step 17500: 0.462350
2020-12-11 16:54:59 INFO     Train negative_sample_loss at step 17500: 0.561844
2020-12-11 16:54:59 INFO     Train loss at step 17500: 0.512097
2020-12-11 16:55:06 INFO     Train positive_sample_loss at step 17600: 0.458394
2020-12-11 16:55:06 INFO     Train negative_sample_loss at step 17600: 0.564984
2020-12-11 16:55:06 INFO     Train loss at step 17600: 0.511689
2020-12-11 16:55:13 INFO     Train positive_sample_loss at step 17700: 0.458944
2020-12-11 16:55:13 INFO     Train negative_sample_loss at step 17700: 0.560769
2020-12-11 16:55:13 INFO     Train loss at step 17700: 0.509857
2020-12-11 16:55:19 INFO     Train positive_sample_loss at step 17800: 0.458026
2020-12-11 16:55:19 INFO     Train negative_sample_loss at step 17800: 0.564876
2020-12-11 16:55:19 INFO     Train loss at step 17800: 0.511451
2020-12-11 16:55:26 INFO     Train positive_sample_loss at step 17900: 0.458886
2020-12-11 16:55:26 INFO     Train negative_sample_loss at step 17900: 0.557974
2020-12-11 16:55:26 INFO     Train loss at step 17900: 0.508430
2020-12-11 16:55:32 INFO     Train positive_sample_loss at step 18000: 0.461720
2020-12-11 16:55:32 INFO     Train negative_sample_loss at step 18000: 0.567099
2020-12-11 16:55:32 INFO     Train loss at step 18000: 0.514410
2020-12-11 16:55:39 INFO     Train positive_sample_loss at step 18100: 0.460456
2020-12-11 16:55:39 INFO     Train negative_sample_loss at step 18100: 0.565362
2020-12-11 16:55:39 INFO     Train loss at step 18100: 0.512909
2020-12-11 16:55:46 INFO     Train positive_sample_loss at step 18200: 0.465498
2020-12-11 16:55:46 INFO     Train negative_sample_loss at step 18200: 0.569653
2020-12-11 16:55:46 INFO     Train loss at step 18200: 0.517575
2020-12-11 16:55:52 INFO     Train positive_sample_loss at step 18300: 0.455587
2020-12-11 16:55:52 INFO     Train negative_sample_loss at step 18300: 0.568810
2020-12-11 16:55:52 INFO     Train loss at step 18300: 0.512199
2020-12-11 16:55:59 INFO     Train positive_sample_loss at step 18400: 0.467139
2020-12-11 16:55:59 INFO     Train negative_sample_loss at step 18400: 0.560347
2020-12-11 16:55:59 INFO     Train loss at step 18400: 0.513743
2020-12-11 16:56:06 INFO     Train positive_sample_loss at step 18500: 0.462903
2020-12-11 16:56:06 INFO     Train negative_sample_loss at step 18500: 0.562948
2020-12-11 16:56:06 INFO     Train loss at step 18500: 0.512925
2020-12-11 16:56:12 INFO     Train positive_sample_loss at step 18600: 0.458239
2020-12-11 16:56:12 INFO     Train negative_sample_loss at step 18600: 0.566754
2020-12-11 16:56:12 INFO     Train loss at step 18600: 0.512496
2020-12-11 16:56:21 INFO     Train positive_sample_loss at step 18700: 0.428029
2020-12-11 16:56:21 INFO     Train negative_sample_loss at step 18700: 0.544385
2020-12-11 16:56:21 INFO     Train loss at step 18700: 0.486207
2020-12-11 16:56:27 INFO     Train positive_sample_loss at step 18800: 0.428370
2020-12-11 16:56:27 INFO     Train negative_sample_loss at step 18800: 0.543350
2020-12-11 16:56:27 INFO     Train loss at step 18800: 0.485860
2020-12-11 16:56:34 INFO     Train positive_sample_loss at step 18900: 0.434094
2020-12-11 16:56:34 INFO     Train negative_sample_loss at step 18900: 0.545079
2020-12-11 16:56:34 INFO     Train loss at step 18900: 0.489586
2020-12-11 16:56:40 INFO     Train positive_sample_loss at step 19000: 0.431816
2020-12-11 16:56:40 INFO     Train negative_sample_loss at step 19000: 0.538282
2020-12-11 16:56:40 INFO     Train loss at step 19000: 0.485049
2020-12-11 16:56:47 INFO     Train positive_sample_loss at step 19100: 0.435931
2020-12-11 16:56:47 INFO     Train negative_sample_loss at step 19100: 0.551916
2020-12-11 16:56:47 INFO     Train loss at step 19100: 0.493923
2020-12-11 16:56:54 INFO     Train positive_sample_loss at step 19200: 0.440504
2020-12-11 16:56:54 INFO     Train negative_sample_loss at step 19200: 0.550872
2020-12-11 16:56:54 INFO     Train loss at step 19200: 0.495688
2020-12-11 16:57:00 INFO     Train positive_sample_loss at step 19300: 0.435127
2020-12-11 16:57:00 INFO     Train negative_sample_loss at step 19300: 0.550701
2020-12-11 16:57:00 INFO     Train loss at step 19300: 0.492914
2020-12-11 16:57:08 INFO     Train positive_sample_loss at step 19400: 0.437662
2020-12-11 16:57:08 INFO     Train negative_sample_loss at step 19400: 0.542003
2020-12-11 16:57:08 INFO     Train loss at step 19400: 0.489832
2020-12-11 16:57:15 INFO     Train positive_sample_loss at step 19500: 0.437071
2020-12-11 16:57:15 INFO     Train negative_sample_loss at step 19500: 0.553731
2020-12-11 16:57:15 INFO     Train loss at step 19500: 0.495401
2020-12-11 16:57:21 INFO     Train positive_sample_loss at step 19600: 0.438138
2020-12-11 16:57:21 INFO     Train negative_sample_loss at step 19600: 0.556930
2020-12-11 16:57:21 INFO     Train loss at step 19600: 0.497534
2020-12-11 16:57:28 INFO     Train positive_sample_loss at step 19700: 0.441794
2020-12-11 16:57:28 INFO     Train negative_sample_loss at step 19700: 0.553470
2020-12-11 16:57:28 INFO     Train loss at step 19700: 0.497632
2020-12-11 16:57:35 INFO     Train positive_sample_loss at step 19800: 0.442836
2020-12-11 16:57:35 INFO     Train negative_sample_loss at step 19800: 0.550149
2020-12-11 16:57:35 INFO     Train loss at step 19800: 0.496493
2020-12-11 16:57:41 INFO     Train positive_sample_loss at step 19900: 0.443927
2020-12-11 16:57:41 INFO     Train negative_sample_loss at step 19900: 0.553020
2020-12-11 16:57:41 INFO     Train loss at step 19900: 0.498473
2020-12-11 16:58:00 INFO     Train positive_sample_loss at step 20000: 0.446347
2020-12-11 16:58:00 INFO     Train negative_sample_loss at step 20000: 0.558395
2020-12-11 16:58:00 INFO     Train loss at step 20000: 0.502371
2020-12-11 16:58:00 INFO     Evaluating on Valid Dataset...
2020-12-11 16:58:00 INFO     Evaluating the model... (0/10182)
2020-12-11 16:58:04 INFO     Evaluating the model... (1000/10182)
2020-12-11 16:58:07 INFO     Evaluating the model... (2000/10182)
2020-12-11 16:58:11 INFO     Evaluating the model... (3000/10182)
2020-12-11 16:58:14 INFO     Evaluating the model... (4000/10182)
2020-12-11 16:58:18 INFO     Evaluating the model... (5000/10182)
2020-12-11 16:58:22 INFO     Evaluating the model... (6000/10182)
2020-12-11 16:58:26 INFO     Evaluating the model... (7000/10182)
2020-12-11 16:58:29 INFO     Evaluating the model... (8000/10182)
2020-12-11 16:58:33 INFO     Evaluating the model... (9000/10182)
2020-12-11 16:58:37 INFO     Evaluating the model... (10000/10182)
2020-12-11 16:58:38 INFO     Valid hits@1_list at step 20000: 0.500995
2020-12-11 16:58:38 INFO     Summary name Valid_hits@1_list is illegal; using Valid_hits_1_list instead.
2020-12-11 16:58:38 INFO     Valid hits@3_list at step 20000: 0.714684
2020-12-11 16:58:38 INFO     Summary name Valid_hits@3_list is illegal; using Valid_hits_3_list instead.
2020-12-11 16:58:38 INFO     Valid hits@10_list at step 20000: 0.855549
2020-12-11 16:58:38 INFO     Summary name Valid_hits@10_list is illegal; using Valid_hits_10_list instead.
2020-12-11 16:58:38 INFO     Valid mrr_list at step 20000: 0.627498
2020-12-11 16:58:44 INFO     Train positive_sample_loss at step 20100: 0.443476
2020-12-11 16:58:44 INFO     Train negative_sample_loss at step 20100: 0.548255
2020-12-11 16:58:44 INFO     Train loss at step 20100: 0.495865
2020-12-11 16:58:51 INFO     Train positive_sample_loss at step 20200: 0.449490
2020-12-11 16:58:51 INFO     Train negative_sample_loss at step 20200: 0.553750
2020-12-11 16:58:51 INFO     Train loss at step 20200: 0.501620
2020-12-11 16:58:58 INFO     Train positive_sample_loss at step 20300: 0.447369
2020-12-11 16:58:58 INFO     Train negative_sample_loss at step 20300: 0.553892
2020-12-11 16:58:58 INFO     Train loss at step 20300: 0.500630
2020-12-11 16:59:05 INFO     Train positive_sample_loss at step 20400: 0.450602
2020-12-11 16:59:05 INFO     Train negative_sample_loss at step 20400: 0.558876
2020-12-11 16:59:05 INFO     Train loss at step 20400: 0.504739
2020-12-11 16:59:12 INFO     Train positive_sample_loss at step 20500: 0.451120
2020-12-11 16:59:12 INFO     Train negative_sample_loss at step 20500: 0.560298
2020-12-11 16:59:12 INFO     Train loss at step 20500: 0.505709
2020-12-11 16:59:19 INFO     Train positive_sample_loss at step 20600: 0.443615
2020-12-11 16:59:19 INFO     Train negative_sample_loss at step 20600: 0.552352
2020-12-11 16:59:19 INFO     Train loss at step 20600: 0.497984
2020-12-11 16:59:25 INFO     Train positive_sample_loss at step 20700: 0.448420
2020-12-11 16:59:25 INFO     Train negative_sample_loss at step 20700: 0.551794
2020-12-11 16:59:25 INFO     Train loss at step 20700: 0.500107
2020-12-11 16:59:32 INFO     Train positive_sample_loss at step 20800: 0.450730
2020-12-11 16:59:32 INFO     Train negative_sample_loss at step 20800: 0.558491
2020-12-11 16:59:32 INFO     Train loss at step 20800: 0.504610
2020-12-11 16:59:39 INFO     Train positive_sample_loss at step 20900: 0.451304
2020-12-11 16:59:39 INFO     Train negative_sample_loss at step 20900: 0.556377
2020-12-11 16:59:39 INFO     Train loss at step 20900: 0.503841
2020-12-11 16:59:45 INFO     Train positive_sample_loss at step 21000: 0.449622
2020-12-11 16:59:45 INFO     Train negative_sample_loss at step 21000: 0.557161
2020-12-11 16:59:45 INFO     Train loss at step 21000: 0.503391
