#### 10k vertex experiments:

TransE graphs1-4 => peterchin4 @ /scratch/aewood/ogb_graphs/synthetic/models/10k/TransE/graph{n}
ComplEx graph1-3 => peterchin4 @ /scratch/aewood/ogb_graphs/synthetic/models/10k/ComplEx/graph{n}
ComplEx graph4   => peterchin3 @ /scratch/aewood/ogb_graphs/synthetic/models/10k/ComplEx/graph{n}

ConnE graph1-4   => peterchin3 @ /scratch/aewood/ogb_graphs/synthetic/models/10k/ConnE/graph{n}

RotatE graph1-4  => peterchin5 @ /scratch/aewood/ogb_graphs/synthetic/models/10k/RotatE/graph{n}
PairRE graph1-4  => peterchin5 @ /scratch/aewood/ogb_graphs/synthetic/models/10k/PairRE/graph{n}


#### base experiments:

TransE graph1-8  => peterchin4 @ /scratch/aewood/ogb_graphs/synthetic/models/base/TransE/p-{p}
ComplEx graph1-8 => peterchin4 @ /scratch/aewood/ogb_graphs/synthetic/models/base/ComplEx/p-{p}

ConnE graph1-8   => peterchin3 @ /scratch/aewood/ogb_graphs/synthetic/models/base/ConnE/p-{p}
PairRE graph1-8  => peterchin3 @ /scratch/aewood/ogb_graphs/synthetic/models/base/PairRE/p-{p}

RotatE graph1-3  => peterchin4 @ /scratch/aewood/ogb_graphs/synthetic/models/base/RotatE/p-{p}
RotatE graph4-6  => peterchin3 @ /scratch/aewood/ogb_graphs/synthetic/models/base/RotatE/p-{p}

#### 100k vertex experiments:

TransE graphs1-4 => peterchin4 @ /scratch/aewood/ogb_graphs/synthetic/models/100k/TransE/graph{n}
ComplEx graph1-4 => peterchin4 @ /scratch/aewood/ogb_graphs/synthetic/models/100k/ComplEx/graph{n}

# TODO
ConnE graph1-4   => peterchin3 @ /scratch/aewood/ogb_graphs/synthetic/models/100k/ConnE/graph{n}

RotatE graph1-4  => peterchin5 @ /scratch/aewood/ogb_graphs/synthetic/models/100k/RotatE/graph{n}
PairRE graph1-4  => peterchin5 @ /scratch/aewood/ogb_graphs/synthetic/models/100k/PairRE/graph{n}

